=== 2015-04-13 14:13:08 +0200 ===
YaST got signal 2 at file /usr/share/YaST2/modules/Progress.rb:459
Liberating suppressed debugging messages:
End of suppressed debugging messages
Backtrace: (use c++filt to demangle)
/usr/lib64/liby2.so.4(_Z20signal_log_backtracev+0x18)[0x7f64c68e7408]
/usr/lib64/liby2.so.4(_Z14signal_handleri+0x14f)[0x7f64c68e75ff]
/lib64/libc.so.6(+0x33440)[0x7f64c4c41440]
/lib64/libpthread.so.0(read+0x2b)[0x7f64c62b05eb]
/usr/lib64/libyui.so.6(_ZN3YUI15waitForUIThreadEv+0x20)[0x7f64c3589720]
/usr/lib64/YaST2/plugin/libpy2UI.so.2(_ZN11YUIFunction12evaluateCallEv+0xa8)[0x7f64c3820958]
/usr/lib64/ruby/vendor_ruby/2.1.0/x86_64-linux-gnu/yastx.so(+0xa152)[0x7f64c3346152]
/usr/lib64/libruby2.1.so.2.1(+0x175234)[0x7f64c410f234]
/usr/lib64/libruby2.1.so.2.1(+0x181f4d)[0x7f64c411bf4d]
/usr/lib64/libruby2.1.so.2.1(+0x17968d)[0x7f64c411368d]
/usr/lib64/libruby2.1.so.2.1(+0x17d10f)[0x7f64c411710f]
/usr/lib64/libruby2.1.so.2.1(+0x17de95)[0x7f64c4117e95]
/usr/lib64/libruby2.1.so.2.1(+0x17e43f)[0x7f64c411843f]
/usr/lib64/libruby2.1.so.2.1(+0x175234)[0x7f64c410f234]
/usr/lib64/libruby2.1.so.2.1(+0x181f4d)[0x7f64c411bf4d]
/usr/lib64/libruby2.1.so.2.1(+0x17960c)[0x7f64c411360c]
/usr/lib64/libruby2.1.so.2.1(+0x17d10f)[0x7f64c411710f]
/usr/lib64/libruby2.1.so.2.1(+0x17e6ad)[0x7f64c41186ad]
/usr/lib64/libruby2.1.so.2.1(+0x17f98b)[0x7f64c411998b]
/usr/lib64/libruby2.1.so.2.1(rb_funcall+0xd1)[0x7f64c411a031]
/usr/lib64/YaST2/plugin/libpy2lang_ruby.so(_ZN5YRuby10callClientERKSs+0xb7)[0x7f64c4427bf7]
/usr/lib64/YaST2/plugin/libpy2lang_ruby.so(_ZN21Y2RubyClientComponent12doActualWorkERK7YCPListP11Y2Component+0x184)[0x7f64c4425ae4]
/usr/lib64/liby2.so.4(main+0xf59)[0x7f64c68e1e09]
/lib64/libc.so.6(__libc_start_main+0xf5)[0x7f64c4c2e8c5]
/usr/lib/YaST2/bin/y2base[0x4006f9]
